<?xml version="1.0" encoding="UTF-8"?>
<!-- Generated by org.testng.reporters.JUnitXMLReporter -->
<testsuite hostname="DESKTOP-496B107" name="Surefire test" tests="2" failures="0" timestamp="22 Oct 2021 04:54:45 GMT" time="0.116" errors="0">
  <testcase name="validarResultadoSumaExitoso" time="0.016" classname="semillero.pruebasUnitarias.OperacionesAritmeticasTest"/>
  <testcase name="validarResultadoSumaFallido" time="0.0" classname="semillero.pruebasUnitarias.OperacionesAritmeticasTest"/>
</testsuite> <!-- Surefire test -->
