<?xml version="1.0" encoding="UTF-8"?>
<testng-results skipped="0" failed="0" total="2" passed="2">
  <reporter-output>
  </reporter-output>
  <suite name="Surefire suite" duration-ms="116" started-at="2021-10-22T04:54:45Z" finished-at="2021-10-22T04:54:45Z">
    <groups>
    </groups>
    <test name="Surefire test" duration-ms="116" started-at="2021-10-22T04:54:45Z" finished-at="2021-10-22T04:54:45Z">
      <class name="semillero.pruebasUnitarias.OperacionesAritmeticasTest">
        <test-method status="PASS" signature="inicializar()[pri:0, instance:semillero.pruebasUnitarias.OperacionesAritmeticasTest@3b81a1bc]" name="inicializar" is-config="true" duration-ms="84" started-at="2021-10-21T23:54:45Z" finished-at="2021-10-21T23:54:45Z">
          <reporter-output>
          </reporter-output>
        </test-method> <!-- inicializar -->
        <test-method status="PASS" signature="validarResultadoSumaExitoso()[pri:0, instance:semillero.pruebasUnitarias.OperacionesAritmeticasTest@3b81a1bc]" name="validarResultadoSumaExitoso" duration-ms="16" started-at="2021-10-21T23:54:45Z" finished-at="2021-10-21T23:54:45Z">
          <reporter-output>
          </reporter-output>
        </test-method> <!-- validarResultadoSumaExitoso -->
        <test-method status="PASS" signature="finalizaPruebasUnitarias()[pri:0, instance:semillero.pruebasUnitarias.OperacionesAritmeticasTest@3b81a1bc]" name="finalizaPruebasUnitarias" is-config="true" duration-ms="0" started-at="2021-10-21T23:54:45Z" finished-at="2021-10-21T23:54:45Z">
          <reporter-output>
          </reporter-output>
        </test-method> <!-- finalizaPruebasUnitarias -->
        <test-method status="PASS" signature="validarResultadoSumaFallido()[pri:0, instance:semillero.pruebasUnitarias.OperacionesAritmeticasTest@3b81a1bc]" name="validarResultadoSumaFallido" duration-ms="0" started-at="2021-10-21T23:54:45Z" finished-at="2021-10-21T23:54:45Z">
          <reporter-output>
          </reporter-output>
        </test-method> <!-- validarResultadoSumaFallido -->
      </class> <!-- semillero.pruebasUnitarias.OperacionesAritmeticasTest -->
    </test> <!-- Surefire test -->
  </suite> <!-- Surefire suite -->
</testng-results>
